@README
@jed.lis
@COPYING
@COPYRIGHT
#FILE_ID.DIZ
@INSTALL
@INSTALL.be
@INSTALL.pc
@INSTALL.unx
@INSTALL.vms
@changes.txt
@configure 0755
@autoconf/configure.ac
@autoconf/install.sh 0755
@autoconf/mkinsdir.sh 0755
@autoconf/config.sub 0755
@autoconf/config.guess 0755
@autoconf/Makefile.in
@autoconf/aclocal.m4
@autoconf/include/pkgcfg.m4
@bin/vms/init_jed.com
@bin/vms/jed_mail.com
@bin/vms/keptjed.com
@bin/w32/README
@bin/w32/Makefile
@bin/w32/w32shell.c
*bin/w32/w32shell.exe
*bin/w32/g32shell.exe
@doc/README
@doc/manual/jed.1
@doc/manual/rgrep.1
@doc/manual/jed.tex
@doc/txt/abbrev.txt
@doc/txt/menus.txt
@doc/txt/color.txt
@doc/txt/edt.txt
@doc/txt/hooks.txt
@doc/txt/jed_faq.txt
@doc/txt/mouse.txt
@doc/txt/pc-keys.txt
@doc/txt/program.txt
@doc/txt/rgrep.txt
@doc/txt/rmail.txt
@doc/txt/script.txt
@doc/txt/syntax.txt
@doc/txt/fold.txt
@doc/txt/wjed.txt
@doc/txt/dfa.txt
@doc/txt/wordstar.txt
@doc/txt/xjed.txt
@doc/txt/undo.txt
@doc/txt/yankpop.txt
@doc/txt/emacs.txt
@doc/txt/ide-mode.txt
@doc/txt/filelock.txt
@doc/txt/compile.txt
@doc/txt/linux-keys.txt
@doc/txt/utf8.txt
@doc/txt/xrenderfont.txt

@doc/hlp/jedfuns.hlp
@doc/hlp/libfuns.hlp

@doc/tm/Makefile
@doc/tm/jedfuns.tm
#@doc/tm/quickref.tm
@doc/tm/README
@doc/tm/rtl/tm-sort.sl 0755
@doc/tm/rtl/whatelse.sl 0755
@doc/tm/rtl/abbrev.tm
@doc/tm/rtl/blocal.tm
@doc/tm/rtl/buffer.tm
@doc/tm/rtl/color.tm
@doc/tm/rtl/eval.tm
@doc/tm/rtl/file.tm
@doc/tm/rtl/hidden.tm
@doc/tm/rtl/hooks.tm
@doc/tm/rtl/info.tm
@doc/tm/rtl/insdel.tm
@doc/tm/rtl/keys.tm
@doc/tm/rtl/mark.tm
@doc/tm/rtl/menu.tm
@doc/tm/rtl/message.tm
@doc/tm/rtl/mini.tm
@doc/tm/rtl/misc.tm
@doc/tm/rtl/mouse.tm
@doc/tm/rtl/move.tm
@doc/tm/rtl/process.tm
@doc/tm/rtl/rect.tm
@doc/tm/rtl/region.tm
@doc/tm/rtl/search.tm
@doc/tm/rtl/syntax.tm
@doc/tm/rtl/userinfo.tm
@doc/tm/rtl/terminal.tm
@doc/tm/rtl/window.tm
@doc/tm/rtl/xjed.tm

@info/dir.info
@info/info.info
@info/jed.1in
@info/jed.2in
@info/jed.3in
@info/jed.info

@lib/README
@lib/xformreg.sl
@lib/tmmode.sl
@lib/jed.conf
@lib/chglog.sl
@lib/emul.sl
@lib/hooks.sl
@lib/tclmode.sl
#@lib/tm2sgml.sl
@lib/ashell.sl
@lib/bufed.sl
@lib/macro.sl
@lib/perl.sl
@lib/perlxtra.sl
@lib/filter.sl
@lib/keycode.sl
@lib/modehook.sl
@lib/comments.sl
@lib/brief.sl
@lib/lisp.sl
@lib/javamode.sl
@lib/html.sl
@lib/nroff.sl
@lib/pscript.sl
@lib/abbrev.sl
@lib/abbrmisc.sl
@lib/binary.sl
@lib/bookmark.sl
@lib/buf.sl
@lib/bytecomp.sl
@lib/cal.sl
@lib/cmisc.sl
@lib/cmode.sl
@lib/compile.sl
@lib/acompile.sl
@lib/cpright.hlp
@lib/aboutjed.hlp
@lib/ctags.sl
@lib/dabbrev.sl
@lib/dcl.sl
@lib/digraph.sl          
@lib/dired.sl
#@lib/dispesc.sl
@lib/dos437.sl
@lib/dos850.sl
@lib/win1250.sl 
@lib/dos852.sl 
@lib/edt.hlp
@lib/cua.sl
@lib/cuamisc.sl
@lib/cua.hlp
@lib/edt.sl
@lib/emacs.hlp
@lib/emacs.sl
@lib/emacsmsc.sl
@lib/fortran.sl
@lib/f90.sl
@lib/ff90.sl
@lib/generic.hlp
@lib/help.sl
@lib/jedusage.sl
@lib/idl.sl
@lib/info.sl
@lib/isearch.sl
@lib/iso-latin.sl
@lib/iso-lat2.sl
@lib/iso-lat3.sl
@lib/iso2xxx.sl
@lib/ispell.sl
@lib/jed.hlp
@lib/jed.rc
@lib/jedhelp.sl
@lib/krconv.sl
@lib/keydefs.sl
@lib/jed.sl
@lib/bibtex.sl
@lib/latex.sl
@lib/latex209.sl
@lib/linux.sl
@lib/ltx-comp.dat
@lib/ltx-math.sl
@lib/mail.sl
@lib/makemode.sl
@lib/man.sl
@lib/maple.sl
@lib/menu.sl
@lib/menus.sl
@lib/popups.sl
@lib/mini.sl
@lib/misc.sl
#@lib/mkdoc.sl
#@lib/mktex.sl
@lib/most.sl
@lib/mouse.sl
@lib/mswmouse.sl
@lib/mousex.sl
@lib/mutekeys.sl
@lib/os.sl
@lib/php.sl
@lib/pipe.sl
@lib/pushmode.sl
@lib/pymode.sl
@lib/preparse.sl
@lib/regexp.sl
@lib/replace.sl
@lib/rmail.sl
@lib/mime.sl
@lib/mimemisc.sl
@lib/sendmail.sl
@lib/seldisp.sl
@lib/lua.sl
@lib/mailalias.sl
@lib/mailedit.sl
@lib/mailutils.sl
@lib/register.sl
@lib/rot13.sl
@lib/runpgm.sl
@lib/search.sl
@lib/shell.sl
@lib/shmode.sl
@lib/simple.hlp
@lib/site.sl
@lib/slmode.sl
@lib/sort.sl
@lib/folding.sl
@lib/sortmisc.sl
@lib/srchmisc.sl
@lib/syntax.sl
@lib/tabs.sl
@lib/tex.sl
@lib/texcom.sl
@lib/tmisc.sl
#@lib/textmac.sl
@lib/textmode.sl
@lib/tpascal.sl
@lib/untab.sl
@lib/util.sl
@lib/occur.sl
@lib/vms_shell.com
@lib/vmshelp.sl
@lib/wmenu.sl
@lib/wmark.sl
@lib/wordstar.sl
@lib/wordstar.hlp
@lib/yankpop.sl
@lib/verilog.sl
@lib/spicemod.sl
@lib/vhdlmode.sl
#@lib/tm/linuxdoc.tm
@lib/compat.sl
@lib/tiasm.sl
@lib/modeinfo.sl
@lib/backups.sl 
@lib/ide.sl 
@lib/ide.hlp
@lib/matlab.sl 
@lib/rcs.sl 
@lib/require.sl
#@lib/sgml.sl
@lib/docbook.sl
@lib/aprocess.sl
@lib/compress.sl
@lib/history.sl
@lib/minued.sl
@lib/recent.sl
@lib/sccs.sl
@lib/paste.sl
@lib/gpg.sl
@lib/syncproc.sl
@lib/tmpfile.sl

@lib/colors/README
@lib/colors/update-colors 0755
@lib/colors/black1.sl
@lib/colors/black2.sl
@lib/colors/black3.sl
@lib/colors/black4.sl
@lib/colors/white1.sl
@lib/colors/default1.sl
@lib/colors/blue1.sl
@lib/colors/blue2.sl
@lib/colors/blue3.sl
@lib/colors/Xjed/pastel0.sl
@lib/colors/Xjed/elegant.sl
@lib/colors/Xjed/modern.sl
@lib/colors/Xjed/night.sl
@lib/colors/Xjed/black4.sl

@src/DESCRIP.MMS
@src/Makefile.in
@src/TODO
@src/VMSMAKE.COM
@src/abbrev.c
@src/abbrev.h
@src/blocal.c
@src/blocal.h
@src/buffer.c
@src/buffer.h
@src/chkslang.c
@src/cmds.c
@src/cmds.h
@src/colors.c
@src/colors.h
@src/config.hin
@src/copyright
@src/dfasyntx.c
@src/dfasyntx.h
@src/display.c
@src/display.h
@src/dos_os2.c
@src/doskeys.h
@src/file.c
@src/file.h
@src/getmail.c
@src/gpmmouse.c
@src/gtkjed.h
@src/gtkmenu.c
@src/gtkterm.c
@src/gtkwin.c
@src/hooks.c
@src/hooks.h
@src/i386.c
@src/ibmpc.c
@src/indent.c
@src/indent.h
@src/ins.c
@src/ins.h
@src/intrin.c
@src/jdmacros.h
@src/jed-feat.h
@src/jedconf.h
@src/jedlimit.h
@src/jedwin.c
@src/jprocess.c
@src/jprocess.h
@src/keymap.c
@src/keymap.h
@src/ledit.c
@src/ledit.h
@src/line.c
@src/line.h
@src/lineattr.c
@src/lineattr.h
@src/lock.c
@src/main.c
@src/menu.c
@src/menu.h
@src/misc.c
@src/misc.h
@src/modules.unx
@src/mouse.c
@src/mswshell.c
@src/os2.c
@src/os2mouse.c
@src/paste.c
@src/paste.h
@src/pcmouse.c
@src/pcscan.c
@src/pty.c
@src/replace.c
@src/replace.h
@src/rgrep.c
@src/screen.c
@src/screen.h
@src/search.c
@src/search.h
@src/sig.c
@src/sig.h
@src/syntax.c
@src/sysdep.c
@src/sysdep.h
@src/text.c
@src/text.h
@src/undo.c
@src/undo.h
@src/unix.c
@src/userinfo.c
@src/userinfo.h
@src/version.c
@src/version.h
@src/vfile.c
@src/vfile.h
@src/vms.c
@src/vmshelp.c
@src/vmsmail.c
@src/vmsmail.h
@src/vterm.c
@src/vterm.h
@src/w32cons.c
@src/w32proc.c
@src/win16.c
@src/win32.c
@src/win32.h
@src/window.c
@src/window.h
@src/wterm.c
@src/xkeys.c
@src/xterm.c
@src/mkfiles/makefile.all
@src/mkfiles/README
*src/mkfiles/mkmake.c
*src/mkfiles/mkmake.exe

*src/test/runtests.sh 0755
@src/test/test_cmode.sl
@src/test/test_cmode.dat
@src/test/test_links.sl
@src/test/test_narrow.sl
@src/test/test_search.sl
@src/test/test_replace.sl
@src/test/test_expand.sl
